<?xml version="1.0" encoding="UTF-8"?>
<!-- Generated by org.testng.reporters.JUnitReportReporter -->
<testsuite skipped="0" hostname="shaheenas-MacBook-Pro.local" name="testcases.CompleteAutomationTest" tests="3" failures="0" timestamp="25 Feb 2020 22:23:58 GMT" time="26.431" errors="0">
  <testcase name="loginToAP" time="3.416" classname="testcases.CompleteAutomationTest"/>
  <testcase name="SearchBuy" time="11.032" classname="testcases.CompleteAutomationTest"/>
  <testcase name="SearchBuy" time="11.983" classname="testcases.CompleteAutomationTest"/>
</testsuite> <!-- testcases.CompleteAutomationTest -->
