<?xml version="1.0" encoding="UTF-8"?>
<!-- Generated by org.testng.reporters.JUnitReportReporter -->
<testsuite hostname="SMs-MacBook-Pro.home" failures="0" tests="3" name="testcases.LoginTestWithDataProvider" time="27.491" errors="0" timestamp="2020-02-21T17:44:25 EST" skipped="0">
  <testcase classname="testcases.LoginTestWithDataProvider" name="loginToAP" time="7.351"/>
  <testcase classname="testcases.LoginTestWithDataProvider" name="SearchBuy" time="14.427"/>
  <testcase classname="testcases.LoginTestWithDataProvider" name="SearchBuy" time="5.713"/>
</testsuite> <!-- testcases.LoginTestWithDataProvider -->
